
 /----------------------------------------------------------------------------\
 |  yosys -- Yosys Open SYnthesis Suite                                       |
 |  Copyright (C) 2012 - 2024  Claire Xenia Wolf <claire@yosyshq.com>         |
 |  Distributed under an ISC-like license, type "license" to see terms        |
 \----------------------------------------------------------------------------/
 Yosys 0.40+25 (git sha1 171577f90, clang++ 14.0.0-1ubuntu1.1 -fPIC -Os)

-- Executing script file `design_prep.ys' --

1. Executing RTLIL frontend.
Input filename: design.il

2. Executing SCC pass (detecting logic loops).
Found 0 SCCs in module led_walker.
Found 0 SCCs.

3. Executing SIMPLEMAP pass (map simple cells to gate primitives).

4. Executing MEMORY_NORDFF pass (extracting $dff cells from memories).

5. Executing ASYNC2SYNC pass.

6. Executing OPT_CLEAN pass (remove unused cells and wires).
Finding unused cells or wires in module \led_walker..
Removed 22 unused cells and 22 unused wires.
<suppressed ~23 debug messages>

7. Executing FORMALFF pass.

8. Executing OPT_CLEAN pass (remove unused cells and wires).
Finding unused cells or wires in module \led_walker..
Removed 1 unused cells and 1 unused wires.
<suppressed ~2 debug messages>

9. Executing CHECK pass (checking for obvious problems).
Checking module led_walker...
Found and reported 0 problems.

10. Executing SETUNDEF pass (replace undef values with defined constants).

11. Executing OPT pass (performing simple optimizations).

11.1. Executing OPT_EXPR pass (perform const folding).
Optimizing module led_walker.

11.2. Executing OPT_MERGE pass (detect identical cells).
Finding identical cells in module `\led_walker'.
<suppressed ~3 debug messages>
Removed a total of 1 cells.

11.3. Executing OPT_DFF pass (perform DFF optimizations).

11.4. Executing OPT_CLEAN pass (remove unused cells and wires).
Finding unused cells or wires in module \led_walker..
Removed 17 unused cells and 18 unused wires.
<suppressed ~18 debug messages>

11.5. Finished fast OPT passes.

12. Executing OPT_CLEAN pass (remove unused cells and wires).
Finding unused cells or wires in module \led_walker..
Removed 0 unused cells and 19 unused wires.
<suppressed ~1 debug messages>

13. Executing RTLIL backend.
Output filename: ../model/design_prep.il

End of script. Logfile hash: 15a59084b4, CPU: user 0.01s system 0.01s, MEM: 14.81 MB peak
Yosys 0.40+25 (git sha1 171577f90, clang++ 14.0.0-1ubuntu1.1 -fPIC -Os)
Time spent: 41% 4x opt_clean (0 sec), 10% 1x opt_expr (0 sec), ...
